# JRE version: OpenJDK Runtime Environment (8.0_202-b03) (build 1.8.0_202-release-1483-b03)
# Java VM: OpenJDK 64-Bit Server VM (25.202-b03 mixed mode windows-amd64 compressed oops)
Heap:
 PSYoungGen      total 262144K, used 131106K [0x00000000e0000000, 0x00000000f4f00000, 0x0000000100000000)
  eden space 238592K, 45% used [0x00000000e0000000,0x00000000e6918110,0x00000000ee900000)
  from space 23552K, 99% used [0x00000000ef080000,0x00000000f0770ae8,0x00000000f0780000)
  to   space 52224K, 0% used [0x00000000f1c00000,0x00000000f1c00000,0x00000000f4f00000)
 ParOldGen       total 209408K, used 69664K [0x00000000a0000000, 0x00000000acc80000, 0x00000000e0000000)
  object space 209408K, 33% used [0x00000000a0000000,0x00000000a4408378,0x00000000acc80000)
 Metaspace       used 88662K, capacity 93104K, committed 93224K, reserved 1130496K
  class space    used 11400K, capacity 12230K, committed 12328K, reserved 1048576K
GC Heap History (10 events):
Event: 2429.947 GC heap before
{Heap before GC invocations=27 (full 4):
 PSYoungGen      total 317440K, used 317142K [0x00000000e0000000, 0x00000000f9380000, 0x0000000100000000)
  eden space 282112K, 100% used [0x00000000e0000000,0x00000000f1380000,0x00000000f1380000)
  from space 35328K, 99% used [0x00000000f7100000,0x00000000f93359b8,0x00000000f9380000)
  to   space 54784K, 0% used [0x00000000f2880000,0x00000000f2880000,0x00000000f5e00000)
 ParOldGen       total 209408K, used 69640K [0x00000000a0000000, 0x00000000acc80000, 0x00000000e0000000)
  object space 209408K, 33% used [0x00000000a0000000,0x00000000a4402378,0x00000000acc80000)
 Metaspace       used 87283K, capacity 90774K, committed 90792K, reserved 1128448K
  class space    used 11240K, capacity 11939K, committed 11944K, reserved 1048576K
Event: 2430.011 GC heap after
Heap after GC invocations=27 (full 4):
 PSYoungGen      total 314368K, used 41816K [0x00000000e0000000, 0x00000000f7d00000, 0x0000000100000000)
  eden space 272384K, 0% used [0x00000000e0000000,0x00000000e0000000,0x00000000f0a00000)
  from space 41984K, 99% used [0x00000000f2880000,0x00000000f51561c0,0x00000000f5180000)
  to   space 44544K, 0% used [0x00000000f5180000,0x00000000f5180000,0x00000000f7d00000)
 ParOldGen       total 209408K, used 69648K [0x00000000a0000000, 0x00000000acc80000, 0x00000000e0000000)
  object space 209408K, 33% used [0x00000000a0000000,0x00000000a4404378,0x00000000acc80000)
 Metaspace       used 87283K, capacity 90774K, committed 90792K, reserved 1128448K
  class space    used 11240K, capacity 11939K, committed 11944K, reserved 1048576K
}
Event: 2441.372 GC heap before
{Heap before GC invocations=28 (full 4):
 PSYoungGen      total 314368K, used 314200K [0x00000000e0000000, 0x00000000f7d00000, 0x0000000100000000)
  eden space 272384K, 100% used [0x00000000e0000000,0x00000000f0a00000,0x00000000f0a00000)
  from space 41984K, 99% used [0x00000000f2880000,0x00000000f51561c0,0x00000000f5180000)
  to   space 44544K, 0% used [0x00000000f5180000,0x00000000f5180000,0x00000000f7d00000)
 ParOldGen       total 209408K, used 69648K [0x00000000a0000000, 0x00000000acc80000, 0x00000000e0000000)
  object space 209408K, 33% used [0x00000000a0000000,0x00000000a4404378,0x00000000acc80000)
 Metaspace       used 87432K, capacity 90942K, committed 91176K, reserved 1128448K
  class space    used 11255K, capacity 11967K, committed 12072K, reserved 1048576K
Event: 2441.426 GC heap after
Heap after GC invocations=28 (full 4):
 PSYoungGen      total 293376K, used 18806K [0x00000000e0000000, 0x00000000f6f00000, 0x0000000100000000)
  eden space 263168K, 0% used [0x00000000e0000000,0x00000000e0000000,0x00000000f0100000)
  from space 30208K, 62% used [0x00000000f5180000,0x00000000f63dd880,0x00000000f6f00000)
  to   space 56320K, 0% used [0x00000000f0100000,0x00000000f0100000,0x00000000f3800000)
 ParOldGen       total 209408K, used 69648K [0x00000000a0000000, 0x00000000acc80000, 0x00000000e0000000)
  object space 209408K, 33% used [0x00000000a0000000,0x00000000a4404378,0x00000000acc80000)
 Metaspace       used 87432K, capacity 90942K, committed 91176K, reserved 1128448K
  class space    used 11255K, capacity 11967K, committed 12072K, reserved 1048576K
}
Event: 2618.629 GC heap before
{Heap before GC invocations=29 (full 4):
 PSYoungGen      total 293376K, used 281974K [0x00000000e0000000, 0x00000000f6f00000, 0x0000000100000000)
  eden space 263168K, 100% used [0x00000000e0000000,0x00000000f0100000,0x00000000f0100000)
  from space 30208K, 62% used [0x00000000f5180000,0x00000000f63dd880,0x00000000f6f00000)
  to   space 56320K, 0% used [0x00000000f0100000,0x00000000f0100000,0x00000000f3800000)
 ParOldGen       total 209408K, used 69648K [0x00000000a0000000, 0x00000000acc80000, 0x00000000e0000000)
  object space 209408K, 33% used [0x00000000a0000000,0x00000000a4404378,0x00000000acc80000)
 Metaspace       used 87726K, capacity 91332K, committed 91432K, reserved 1128448K
  class space    used 11273K, capacity 12000K, committed 12072K, reserved 1048576K
Event: 2618.730 GC heap after
Heap after GC invocations=29 (full 4):
 PSYoungGen      total 291840K, used 37045K [0x00000000e0000000, 0x00000000f6980000, 0x0000000100000000)
  eden space 254464K, 0% used [0x00000000e0000000,0x00000000e0000000,0x00000000ef880000)
  from space 37376K, 99% used [0x00000000f0100000,0x00000000f252d7b0,0x00000000f2580000)
  to   space 57856K, 0% used [0x00000000f3100000,0x00000000f3100000,0x00000000f6980000)
 ParOldGen       total 209408K, used 69656K [0x00000000a0000000, 0x00000000acc80000, 0x00000000e0000000)
  object space 209408K, 33% used [0x00000000a0000000,0x00000000a4406378,0x00000000acc80000)
 Metaspace       used 87726K, capacity 91332K, committed 91432K, reserved 1128448K
  class space    used 11273K, capacity 12000K, committed 12072K, reserved 1048576K
}
Event: 2997.814 GC heap before
{Heap before GC invocations=30 (full 4):
 PSYoungGen      total 291840K, used 291509K [0x00000000e0000000, 0x00000000f6980000, 0x0000000100000000)
  eden space 254464K, 100% used [0x00000000e0000000,0x00000000ef880000,0x00000000ef880000)
  from space 37376K, 99% used [0x00000000f0100000,0x00000000f252d7b0,0x00000000f2580000)
  to   space 57856K, 0% used [0x00000000f3100000,0x00000000f3100000,0x00000000f6980000)
 ParOldGen       total 209408K, used 69656K [0x00000000a0000000, 0x00000000acc80000, 0x00000000e0000000)
  object space 209408K, 33% used [0x00000000a0000000,0x00000000a4406378,0x00000000acc80000)
 Metaspace       used 88160K, capacity 92210K, committed 92328K, reserved 1130496K
  class space    used 11331K, capacity 12103K, committed 12200K, reserved 1048576K
Event: 2997.897 GC heap after
Heap after GC invocations=30 (full 4):
 PSYoungGen      total 289792K, used 23478K [0x00000000e0000000, 0x00000000f5b80000, 0x0000000100000000)
  eden space 246272K, 0% used [0x00000000e0000000,0x00000000e0000000,0x00000000ef080000)
  from space 43520K, 53% used [0x00000000f3100000,0x00000000f47ed8f8,0x00000000f5b80000)
  to   space 54784K, 0% used [0x00000000ef080000,0x00000000ef080000,0x00000000f2600000)
 ParOldGen       total 209408K, used 69664K [0x00000000a0000000, 0x00000000acc80000, 0x00000000e0000000)
  object space 209408K, 33% used [0x00000000a0000000,0x00000000a4408378,0x00000000acc80000)
 Metaspace       used 88160K, capacity 92210K, committed 92328K, reserved 1130496K
  class space    used 11331K, capacity 12103K, committed 12200K, reserved 1048576K
}
Event: 3343.803 GC heap before
{Heap before GC invocations=31 (full 4):
 PSYoungGen      total 289792K, used 269750K [0x00000000e0000000, 0x00000000f5b80000, 0x0000000100000000)
  eden space 246272K, 100% used [0x00000000e0000000,0x00000000ef080000,0x00000000ef080000)
  from space 43520K, 53% used [0x00000000f3100000,0x00000000f47ed8f8,0x00000000f5b80000)
  to   space 54784K, 0% used [0x00000000ef080000,0x00000000ef080000,0x00000000f2600000)
 ParOldGen       total 209408K, used 69664K [0x00000000a0000000, 0x00000000acc80000, 0x00000000e0000000)
  object space 209408K, 33% used [0x00000000a0000000,0x00000000a4408378,0x00000000acc80000)
 Metaspace       used 88572K, capacity 92964K, committed 93224K, reserved 1130496K
  class space    used 11398K, capacity 12228K, committed 12328K, reserved 1048576K
Event: 3343.849 GC heap after
Heap after GC invocations=31 (full 4):
 PSYoungGen      total 262144K, used 23490K [0x00000000e0000000, 0x00000000f4f00000, 0x0000000100000000)
  eden space 238592K, 0% used [0x00000000e0000000,0x00000000e0000000,0x00000000ee900000)
  from space 23552K, 99% used [0x00000000ef080000,0x00000000f0770ae8,0x00000000f0780000)
  to   space 52224K, 0% used [0x00000000f1c00000,0x00000000f1c00000,0x00000000f4f00000)
 ParOldGen       total 209408K, used 69664K [0x00000000a0000000, 0x00000000acc80000, 0x00000000e0000000)
  object space 209408K, 33% used [0x00000000a0000000,0x00000000a4408378,0x00000000acc80000)
 Metaspace       used 88572K, capacity 92964K, committed 93224K, reserved 1130496K
  class space    used 11398K, capacity 12228K, committed 12328K, reserved 1048576K
}

